# JRE version: Java(TM) SE Runtime Environment (18.0.2+9) (build 18.0.2+9-61)
# Java VM: Java HotSpot(TM) 64-Bit Server VM (18.0.2+9-61, mixed mode, emulated-client, sharing, tiered, compressed oops, compressed class ptrs, g1 gc, windows-amd64)
GC Precious Log:
 CardTable entry size: 512
 Card Set container configuration: InlinePtr #cards 4 size 8 Array Of Cards #cards 16 size 48 Howl #buckets 8 coarsen threshold 3686 Howl Bitmap #cards 512 size 80 coarsen threshold 460 Card regions per heap region 1 cards per card region 4096
 CPUs: 4 total, 4 available
 Memory: 16304M
 Large Page Support: Disabled
 NUMA Support: Disabled
 Compressed Oops: Enabled (Zero based)
 Heap Region Size: 2M
 Heap Min Capacity: 8M
 Heap Initial Capacity: 256M
 Heap Max Capacity: 4078M
 Pre-touch: Disabled
 Parallel Workers: 4
 Concurrent Workers: 1
 Concurrent Refinement Workers: 4
 Periodic GC: Disabled
Heap:
 garbage-first heap   total 81920K, used 37088K [0x0000000701200000, 0x0000000800000000)
  region size 2048K, 7 young (14336K), 3 survivors (6144K)
 Metaspace       used 65102K, committed 65792K, reserved 1114112K
  class space    used 8789K, committed 9152K, reserved 1048576K
GC Heap History (20 events):
Event: 220.255 GC heap after
{Heap after GC invocations=35 (full 5):
 garbage-first heap   total 81920K, used 28183K [0x0000000701200000, 0x0000000800000000)
  region size 2048K, 3 young (6144K), 3 survivors (6144K)
 Metaspace       used 64392K, committed 65088K, reserved 1114112K
  class space    used 8732K, committed 9152K, reserved 1048576K
}
Event: 438.181 GC heap before
{Heap before GC invocations=35 (full 5):
 garbage-first heap   total 81920K, used 38423K [0x0000000701200000, 0x0000000800000000)
  region size 2048K, 9 young (18432K), 3 survivors (6144K)
 Metaspace       used 64395K, committed 65088K, reserved 1114112K
  class space    used 8733K, committed 9152K, reserved 1048576K
}
Event: 438.211 GC heap after
{Heap after GC invocations=36 (full 6):
 garbage-first heap   total 81920K, used 24071K [0x0000000701200000, 0x0000000800000000)
  region size 2048K, 0 young (0K), 0 survivors (0K)
 Metaspace       used 64392K, committed 65088K, reserved 1114112K
  class space    used 8732K, committed 9152K, reserved 1048576K
}
Event: 439.441 GC heap before
{Heap before GC invocations=36 (full 6):
 garbage-first heap   total 81920K, used 60935K [0x0000000701200000, 0x0000000800000000)
  region size 2048K, 18 young (36864K), 0 survivors (0K)
 Metaspace       used 64483K, committed 65216K, reserved 1114112K
  class space    used 8742K, committed 9152K, reserved 1048576K
}
Event: 439.443 GC heap after
{Heap after GC invocations=37 (full 6):
 garbage-first heap   total 81920K, used 27583K [0x0000000701200000, 0x0000000800000000)
  region size 2048K, 2 young (4096K), 2 survivors (4096K)
 Metaspace       used 64483K, committed 65216K, reserved 1114112K
  class space    used 8742K, committed 9152K, reserved 1048576K
}
Event: 439.667 GC heap before
{Heap before GC invocations=37 (full 6):
 garbage-first heap   total 81920K, used 60351K [0x0000000701200000, 0x0000000800000000)
  region size 2048K, 18 young (36864K), 2 survivors (4096K)
 Metaspace       used 64632K, committed 65344K, reserved 1114112K
  class space    used 8752K, committed 9152K, reserved 1048576K
}
Event: 439.669 GC heap after
{Heap after GC invocations=38 (full 6):
 garbage-first heap   total 81920K, used 28484K [0x0000000701200000, 0x0000000800000000)
  region size 2048K, 3 young (6144K), 3 survivors (6144K)
 Metaspace       used 64632K, committed 65344K, reserved 1114112K
  class space    used 8752K, committed 9152K, reserved 1048576K
}
Event: 506.378 GC heap before
{Heap before GC invocations=38 (full 6):
 garbage-first heap   total 81920K, used 34628K [0x0000000701200000, 0x0000000800000000)
  region size 2048K, 7 young (14336K), 3 survivors (6144K)
 Metaspace       used 64635K, committed 65344K, reserved 1114112K
  class space    used 8753K, committed 9152K, reserved 1048576K
}
Event: 506.410 GC heap after
{Heap after GC invocations=39 (full 7):
 garbage-first heap   total 81920K, used 24031K [0x0000000701200000, 0x0000000800000000)
  region size 2048K, 0 young (0K), 0 survivors (0K)
 Metaspace       used 64631K, committed 65344K, reserved 1114112K
  class space    used 8752K, committed 9152K, reserved 1048576K
}
Event: 508.877 GC heap before
{Heap before GC invocations=39 (full 7):
 garbage-first heap   total 81920K, used 62943K [0x0000000701200000, 0x0000000800000000)
  region size 2048K, 19 young (38912K), 0 survivors (0K)
 Metaspace       used 64791K, committed 65472K, reserved 1114112K
  class space    used 8766K, committed 9152K, reserved 1048576K
}
Event: 508.880 GC heap after
{Heap after GC invocations=40 (full 7):
 garbage-first heap   total 81920K, used 27799K [0x0000000701200000, 0x0000000800000000)
  region size 2048K, 2 young (4096K), 2 survivors (4096K)
 Metaspace       used 64791K, committed 65472K, reserved 1114112K
  class space    used 8766K, committed 9152K, reserved 1048576K
}
Event: 526.103 GC heap before
{Heap before GC invocations=40 (full 7):
 garbage-first heap   total 81920K, used 62615K [0x0000000701200000, 0x0000000800000000)
  region size 2048K, 19 young (38912K), 2 survivors (4096K)
 Metaspace       used 64864K, committed 65536K, reserved 1114112K
  class space    used 8770K, committed 9152K, reserved 1048576K
}
Event: 526.106 GC heap after
{Heap after GC invocations=41 (full 7):
 garbage-first heap   total 81920K, used 28725K [0x0000000701200000, 0x0000000800000000)
  region size 2048K, 1 young (2048K), 1 survivors (2048K)
 Metaspace       used 64864K, committed 65536K, reserved 1114112K
  class space    used 8770K, committed 9152K, reserved 1048576K
}
Event: 546.551 GC heap before
{Heap before GC invocations=41 (full 7):
 garbage-first heap   total 81920K, used 28725K [0x0000000701200000, 0x0000000800000000)
  region size 2048K, 2 young (4096K), 1 survivors (2048K)
 Metaspace       used 64868K, committed 65536K, reserved 1114112K
  class space    used 8771K, committed 9152K, reserved 1048576K
}
Event: 546.583 GC heap after
{Heap after GC invocations=42 (full 8):
 garbage-first heap   total 81920K, used 24113K [0x0000000701200000, 0x0000000800000000)
  region size 2048K, 0 young (0K), 0 survivors (0K)
 Metaspace       used 64866K, committed 65536K, reserved 1114112K
  class space    used 8770K, committed 9152K, reserved 1048576K
}
Event: 547.871 GC heap before
{Heap before GC invocations=42 (full 8):
 garbage-first heap   total 81920K, used 60977K [0x0000000701200000, 0x0000000800000000)
  region size 2048K, 18 young (36864K), 0 survivors (0K)
 Metaspace       used 64955K, committed 65664K, reserved 1114112K
  class space    used 8780K, committed 9152K, reserved 1048576K
}
Event: 547.873 GC heap after
{Heap after GC invocations=43 (full 8):
 garbage-first heap   total 81920K, used 27283K [0x0000000701200000, 0x0000000800000000)
  region size 2048K, 2 young (4096K), 2 survivors (4096K)
 Metaspace       used 64955K, committed 65664K, reserved 1114112K
  class space    used 8780K, committed 9152K, reserved 1048576K
}
Event: 548.318 GC heap before
{Heap before GC invocations=43 (full 8):
 garbage-first heap   total 81920K, used 60051K [0x0000000701200000, 0x0000000800000000)
  region size 2048K, 18 young (36864K), 2 survivors (4096K)
 Metaspace       used 65096K, committed 65792K, reserved 1114112K
  class space    used 8787K, committed 9152K, reserved 1048576K
}
Event: 548.321 GC heap after
{Heap after GC invocations=44 (full 8):
 garbage-first heap   total 81920K, used 29309K [0x0000000701200000, 0x0000000800000000)
  region size 2048K, 3 young (6144K), 3 survivors (6144K)
 Metaspace       used 65096K, committed 65792K, reserved 1114112K
  class space    used 8787K, committed 9152K, reserved 1048576K
}
Event: 673.640 GC heap before
{Heap before GC invocations=44 (full 8):
 garbage-first heap   total 81920K, used 35453K [0x0000000701200000, 0x0000000800000000)
  region size 2048K, 7 young (14336K), 3 survivors (6144K)
 Metaspace       used 65102K, committed 65792K, reserved 1114112K
  class space    used 8789K, committed 9152K, reserved 1048576K
}

